2016-05-08 13:46:25 - New User of type: Doctor Created By: crivas@healthnet.com New User Data: First Name: Scott Last Name: Hawker Email: shawker@healthnet.com
2016-05-08 13:47:09 - New User of type: Doctor Created By: crivas@healthnet.com New User Data: First Name: Gregory Last Name: House Email: ghouse@healthnet.com
2016-05-08 13:48:00 - New User of type: Doctor Created By: crivas@healthnet.com New User Data: First Name: Richard Last Name: Gordon Email: rgordon@healthnet.com
2016-05-08 13:48:56 - New User of type: Nurse Created By: crivas@healthnet.com New User Data: First Name: Judi Last Name: Bryan Email: jbryan@healthnet.com
2016-05-08 13:50:17 - New User of type: Admin Created By: crivas@healthnet.com New User Data: First Name: Benjamin Last Name: Pegues Email: bpegues@healthnet.com
2016-05-08 13:51:48 - New User of type: Doctor Created By: crivas@healthnet.com New User Data: First Name: Barbara Last Name: Herrara Email: bherrara@healthnet.com
2016-05-08 13:52:30 - New User of type: Doctor Created By: crivas@healthnet.com New User Data: First Name: Angelica Last Name: Gross Email: agross@healthnet.com
2016-05-08 13:53:11 - New User of type: Admin Created By: crivas@healthnet.com New User Data: First Name: Louise Last Name: Nobles Email: lnobles@healthnet.com
2016-05-08 13:53:59 - New User of type: Nurse Created By: crivas@healthnet.com New User Data: First Name: Jonathan Last Name: Lowe Email: jlowe@healthnet.com
2016-05-08 13:54:56 - New User: First Name: Jason Last Name: Lucas Email: jlucas@gmail.com
2016-05-08 13:56:02 - Update Profile: Hospital: Rochester General Hospital Weight: 140 Height: 72 Gender: Male Birthday: 1991-06-07 Blood type: A Emergency Contact Name: Name Emergency Contact Phone Number: 000-000-0000
2016-05-08 13:59:38 - New User: First Name: Gary Last Name: Boehme Email: gboehme@yahoo.com
2016-05-08 14:01:42 - New User: First Name: Rhoda Last Name: Williams Email: rwilliams@comcast.net
2016-05-08 14:02:04 - Update Profile: Hospital: Rochester General Hospital Weight: 110 Height: 64 Gender: Female Birthday: 1991-01-05 Blood type: B Emergency Contact Name: Name Emergency Contact Phone Number: 000-000-0000
2016-05-08 14:03:14 - New User: First Name: Stephanie Last Name: Taylor Email: staylor@outlook.com
2016-05-08 14:03:31 - Update Profile: Hospital: University of Pittsburgh Medical Center Weight: 120 Height: 70 Gender: Female Birthday: 1982-07-08 Blood type: A Emergency Contact Name: Name Emergency Contact Phone Number: 000-000-0000
2016-05-08 14:04:28 - New User: First Name: Nicholas Last Name: McSweeney Email: nmcsweeney@gmail.com
2016-05-08 14:07:35 - Update Profile: Hospital: University of Pittsburgh Medical Center Weight: 180 Height: 76 Gender: Male Birthday: 1983-07-15 Blood type: A Emergency Contact Name: Name Emergency Contact Phone Number: 000-000-0000
2016-05-08 14:08:19 - New User: First Name: Phyllis Last Name: McVey Email: pmcvey@inbound.plus
2016-05-08 14:09:03 - Update Profile: Hospital: University of Pittsburgh Medical Center Weight: 187 Height: 70 Gender: Female Birthday: 1990-01-01 Blood type: A Emergency Contact Name: Name Emergency Contact Phone Number: 000-000-0000
2016-05-08 14:09:58 - New User: First Name: Michael Last Name: Roark Email: mroark@yahoo.com
2016-05-08 14:10:19 - Update Profile: Hospital: Cleveland Clinic Weight: 160 Height: 76 Gender: Male Birthday: 1979-04-11 Blood type: O Emergency Contact Name: Name Emergency Contact Phone Number: 000-000-0000
2016-05-08 14:11:31 - New User: First Name: Jeffrey Last Name: Maldonado Email: jmaldonado@gmail.com
2016-05-08 14:12:15 - Update Profile: Hospital: UCLA Medical Center Weight: 170 Height: 60 Gender: Male Birthday: 1997-05-01 Blood type: O Emergency Contact Name: Name Emergency Contact Phone Number: 000-000-0000
2016-05-08 14:12:42 - Update Profile: Hospital: UCLA Medical Center Weight: 170 Height: 60 Gender: Male Birthday: 1997-05-01 Blood type: O Emergency Contact Name: Steven Padilla Emergency Contact Phone Number: 718-590-9707
2016-05-08 14:13:12 - New User: First Name: Eduardo Last Name: Gagne Email: egagne@rit.edu
2016-05-08 14:14:10 - Update Profile: Hospital: Rochester Private Hospital Weight: 130 Height: 60 Gender: Male Birthday: 1981-03-06 Blood type: O Emergency Contact Name: Mary Cowles Emergency Contact Phone Number: 601-268-0983
2016-05-08 14:15:56 - New User of type: Admin Created By: crivas@healthnet.com New User Data: First Name: Mary Last Name: Correa Email: mcorrea@healthnet.com
2016-05-08 14:16:57 - New User of type: Doctor Created By: crivas@healthnet.com New User Data: First Name: Marlon Last Name: Russel Email: mrussel@healthnet.com
2016-05-08 14:18:51 - New User of type: Doctor Created By: crivas@healthnet.com New User Data: First Name: Robert Last Name: Kelly Email: rkelly@healthnet.com
2016-05-08 14:19:36 - New User of type: Doctor Created By: crivas@healthnet.com New User Data: First Name: Rosario Last Name: Ashley Email: rashley@healthnet.com
2016-05-08 14:21:19 - New User of type: Nurse Created By: crivas@healthnet.com New User Data: First Name: Joan Last Name: Moses Email: jmoses@healthnet.com
2016-05-08 14:22:08 - New User of type: Admin Created By: crivas@healthnet.com New User Data: First Name: Joseph Last Name: Dunbar Email: jdunbar@healthnet.com
2016-05-08 14:26:38 - New User of type: Doctor Created By: crivas@healthnet.com New User Data: First Name: Martha Last Name: Parnell Email: mparnell@healthnet.com
2016-05-08 14:27:57 - New User of type: Doctor Created By: crivas@healthnet.com New User Data: First Name: Mark Last Name: Beals Email: mbeals@healthnet.com
2016-05-08 14:29:02 - New User of type: Doctor Created By: crivas@healthnet.com New User Data: First Name: Edward Last Name: Williams Email: ewilliams@healthnet.com
2016-05-08 14:29:58 - New User of type: Nurse Created By: crivas@healthnet.com New User Data: First Name: Anthony Last Name: Woods Email: awoods@healthnet.com
2016-05-08 14:31:46 - New User of type: Admin Created By: crivas@healthnet.com New User Data: First Name: Rebecca Last Name: Perry Email: rperry@healthnet.com
2016-05-08 14:32:39 - New User of type: Doctor Created By: crivas@healthnet.com New User Data: First Name: Matthew Last Name: Dodd Email: mdodd@healthnet.com
2016-05-08 14:33:28 - New User of type: Doctor Created By: crivas@healthnet.com New User Data: First Name: Angie Last Name: Smith Email: asmith@healthnet.com
2016-05-08 14:34:17 - New User of type: Doctor Created By: crivas@healthnet.com New User Data: First Name: William Last Name: Hering Email: whering@healthnet.com
2016-05-08 14:36:37 - New User of type: Nurse Created By: crivas@healthnet.com New User Data: First Name: Joaquin Last Name: Jones Email: jjones@healthnet.com
2016-05-08 14:37:02 - New User: First Name: Deadra Last Name: Morgan Email: dmorgan@gmail.com
2016-05-08 14:37:47 - Update Profile: Hospital: Cleveland Clinic Weight: 110 Height: 50 Gender: Female Birthday: 1988-04-17 Blood type: O Emergency Contact Name: Man Lynch Emergency Contact Phone Number: 816-777-2268
2016-05-08 14:38:16 - New User: First Name: Robert Last Name: Terrones Email: rterrones@yahoo.com
2016-05-08 14:39:20 - Update Profile: Hospital: Cleveland Clinic Weight: 186 Height: 64 Gender: Male Birthday: 1953-05-28 Blood type: A Emergency Contact Name: Dale Cowen Emergency Contact Phone Number: 423-926-9197
2016-05-08 14:40:26 - New User: First Name: Kevin Last Name: Liedtke Email: kliedtke@outlook.com
2016-05-08 14:41:18 - Update Profile: Hospital: UCLA Medical Center Weight: 160 Height: 73 Gender: Male Birthday: 1954-06-01 Blood type: O Emergency Contact Name: Pearl Wetmore Emergency Contact Phone Number: 716-376-1644
2016-05-08 14:42:37 - New User: First Name: Amanda Last Name: Frazier Email: afrazier@gmail.com
2016-05-08 14:43:53 - Update Profile: Hospital: UCLA Medical Center Weight: 137 Height: 60 Gender: Female Birthday: 1979-05-06 Blood type: A Emergency Contact Name: Diana Marvin Emergency Contact Phone Number: 803-558-1948
2016-05-08 14:45:18 - New User: First Name: Karen Last Name: Costello Email: kcostello@bing.com
2016-05-08 14:45:44 - Update Profile: Hospital: Rochester Private Hospital Weight: 147 Height: 62 Gender: Female Birthday: 1988-04-03 Blood type: O Emergency Contact Name: Daniel Colon Emergency Contact Phone Number: 228-474-7728
2016-05-08 14:46:46 - New User: First Name: Stephen Last Name: Ma Email: sma@gmail.com
2016-05-08 14:47:09 - Update Profile: Hospital: Rochester Private Hospital Weight: 170 Height: 80 Gender: Male Birthday: 1988-05-04 Blood type: O Emergency Contact Name: Marsha Pack Emergency Contact Phone Number: 814-260-1999
2016-05-08 14:47:43 - Update Profile: Hospital: Rochester General Hospital Weight: 140 Height: 72 Gender: Male Birthday: 1991-06-07 Blood type: A Emergency Contact Name: Sandra Robinson Emergency Contact Phone Number: 502-250-1810
2016-05-08 14:48:45 - Update Profile: Hospital: Rochester General Hospital Weight: 120 Height: 64 Gender: Male Birthday: 1990-05-01 Blood type: A Emergency Contact Name: Dorthea Crook Emergency Contact Phone Number: 512-378-7902
2016-05-08 14:49:32 - Update Profile: Hospital: Rochester General Hospital Weight: 110 Height: 64 Gender: Female Birthday: 1991-01-05 Blood type: B Emergency Contact Name: Frank Moreno Emergency Contact Phone Number: 319-882-4448
2016-05-08 14:50:25 - Update Profile: Hospital: University of Pittsburgh Medical Center Weight: 120 Height: 70 Gender: Female Birthday: 1982-07-08 Blood type: A Emergency Contact Name: Michael Curry Emergency Contact Phone Number: 305-539-3969
2016-05-08 14:51:01 - Update Profile: Hospital: University of Pittsburgh Medical Center Weight: 180 Height: 76 Gender: Male Birthday: 1983-07-15 Blood type: A Emergency Contact Name: Helen Darnell Emergency Contact Phone Number: 540-719-1761
2016-05-08 14:51:35 - Update Profile: Hospital: University of Pittsburgh Medical Center Weight: 187 Height: 70 Gender: Female Birthday: 1990-01-01 Blood type: A Emergency Contact Name: Marty Vickers Emergency Contact Phone Number: 248-625-6428
2016-05-08 14:52:09 - Update Profile: Hospital: Cleveland Clinic Weight: 160 Height: 76 Gender: Male Birthday: 1979-04-11 Blood type: O Emergency Contact Name: Michelle Spriggs Emergency Contact Phone Number: 347-472-0914
2016-05-08 14:57:18 - New Prescription:  Scott Hawker Jason Lucas Lipitor 6 mg 2 2017-01-20 2016-05-08
2016-05-08 14:57:57 - New Prescription:  Scott Hawker Phyllis McVey Adderal 3 mg 1 2016-08-08 2016-05-08
2016-05-08 14:58:47 - New Prescription:  Scott Hawker Michael Roark Allegra 2 cc 0 2021-05-01 2016-05-08
2016-05-08 15:00:42 - New Prescription:  Gregory House Rhoda Williams Dexilant 5 mg 0 2020-05-08 2016-05-08
2016-05-08 15:02:03 - New Prescription:  Gregory House Eduardo Gagne Lipitor 3 cc 0 2020-02-05 2016-05-08
2016-05-08 15:05:18 - New Prescription:  Richard Gordon Rhoda Williams Cipro 1 mg 2 2018-12-08 2016-05-08
2016-05-08 15:11:55 - New Prescription:  Barbara Herrara Kevin Liedtke Lipitor 2 mg 0 2018-01-09 2016-05-08
2016-05-08 15:13:08 - New Prescription:  Barbara Herrara Jeffrey Maldonado Lipitor 2 mg 0 2016-08-08 2016-05-08
2016-05-08 15:13:39 - New Prescription:  Barbara Herrara Jason Lucas Cipro 2 mg 0 2016-02-20 2016-05-08
2016-05-08 15:14:25 - New Prescription:  Barbara Herrara Gary Boehme Allegra 3 mg 0 2017-12-08 2016-05-08
2016-05-08 15:15:19 - New Prescription:  Angelica Gross Stephanie Taylor Allegra 3 mg 1 2017-01-05 2016-05-08
2016-05-08 15:18:51 - New Prescription:  Angelica Gross Nicholas McSweeney Dexilant 1 mg 0 2017-02-17 2016-05-08
2016-05-08 15:23:04 - New Prescription:  Louise Nobles Amanda Frazier Cipro 1 mg 0 2016-10-08 2016-05-08
2016-05-08 15:24:55 - New Prescription:  Marlon Russel Robert Terrones Allegra 1 mg 0 2017-01-18 2016-05-08
2016-05-08 15:25:26 - New Prescription:  Marlon Russel Gary Boehme Cipro 1 mg 0 2016-08-10 2016-05-08
2016-05-08 15:25:53 - New Prescription:  Marlon Russel Deadra Morgan Allegra 1 cc 2 2017-01-20 2016-05-08
2016-05-08 15:27:29 - New Prescription:  Robert Kelly Jason Lucas Dexilant 1 mg 0 2017-07-09 2016-05-08
2016-05-08 15:27:47 - New Prescription:  Robert Kelly Jeffrey Maldonado Lipitor 1 mg 0 2016-07-08 2016-05-08
2016-05-08 15:28:35 - New Prescription:  Rosario Ashley Michael Roark Cymbalta 2 mg 0 2016-05-19 2016-05-08
2016-05-08 15:33:12 - New Prescription:  Martha Parnell Stephanie Taylor Lipitor 4 mg 0 2016-05-19 2016-05-08
2016-05-08 15:33:44 - New Prescription:  Martha Parnell Nicholas McSweeney Cymbalta 4 mg 0 2016-05-16 2016-05-08
2016-05-08 15:34:16 - New Prescription:  Martha Parnell Phyllis McVey Cymbalta 4 mg 0 2018-05-16 2016-05-08
2016-05-08 15:34:50 - New Prescription:  Martha Parnell Rhoda Williams Allegra 3 mg 0 2016-05-21 2016-05-08
2016-05-08 15:36:01 - New Prescription:  Mark Beals Amanda Frazier Adderal 7 mg 0 2024-04-19 2016-05-08
2016-05-08 15:36:20 - New Prescription:  Mark Beals Phyllis McVey Adderal 5 mg 0 2016-08-08 2016-05-08
2016-05-08 15:36:40 - New Prescription:  Mark Beals Jeffrey Maldonado Adderal 7 mg 10 2017-05-12 2016-05-08
2016-05-08 15:37:00 - New Prescription:  Mark Beals Rhoda Williams Adderal 4 mg 0 2018-04-30 2016-05-08
2016-05-08 15:38:13 - New Prescription:  Edward Williams Stephanie Taylor Cipro 2 mg 0 2016-05-19 2016-05-08
2016-05-08 15:38:42 - New Prescription:  Edward Williams Jeffrey Maldonado Cymbalta 4 mg 6 2020-05-11 2016-05-08
2016-05-08 15:41:51 - New Prescription:  Matthew Dodd Stephen Ma Lipitor 2 mg 0 2016-05-19 2016-05-08
2016-05-08 15:42:20 - New Prescription:  Matthew Dodd Robert Terrones Allegra 2 mg 0 2016-05-20 2016-05-08
2016-05-08 15:43:09 - New Prescription:  Angie Smith Kevin Liedtke Cipro 2 mg 0 2017-01-19 2016-05-08
2016-05-08 15:44:10 - New Prescription:  William Hering Deadra Morgan Dexilant 5 mg 4 2017-06-11 2016-05-08
2016-05-08 15:45:19 - Search for: 'jlucas' by user: crivas@healthnet.com
2016-05-08 15:45:23 - Search for: 'Lucas' by user: crivas@healthnet.com
2016-05-08 15:45:39 - Transfer Patient: jlucas@gmail.com Into: Rochester General Hospital Done By: crivas@healthnet.com
2016-05-08 15:45:50 - Search for: 'Boehme' by user: crivas@healthnet.com
2016-05-08 15:46:23 - Transfer Patient: gboehme@yahoo.com Into: University of Pittsburgh Medical Center Done By: crivas@healthnet.com
2016-05-08 15:46:33 - Search for: 'Williams' by user: crivas@healthnet.com
2016-05-08 15:46:45 - Transfer Patient: rwilliams@comcast.net Into: Cleveland Clinic Done By: crivas@healthnet.com
2016-05-08 15:47:46 - Search for: 'mcsweeney' by user: crivas@healthnet.com
2016-05-08 15:47:50 - Search for: 'McSweeney' by user: crivas@healthnet.com
2016-05-08 15:48:09 - Transfer Patient: nmcsweeney@gmail.com Into: Rochester Private Hospital Done By: crivas@healthnet.com
2016-05-08 15:48:17 - Search for: 'McVey' by user: crivas@healthnet.com
2016-05-08 15:48:31 - Transfer Patient: pmcvey@inbound.plus Into: Cleveland Clinic Done By: crivas@healthnet.com
2016-05-08 15:48:37 - Search for: 'Roark' by user: crivas@healthnet.com
2016-05-08 15:48:44 - Transfer Patient: mroark@yahoo.com Into: Rochester Private Hospital Done By: crivas@healthnet.com
2016-05-08 15:49:07 - Search for: 'Terrones' by user: crivas@healthnet.com
2016-05-08 15:49:19 - Transfer Patient: rterrones@yahoo.com Into: Rochester General Hospital Done By: crivas@healthnet.com
2016-05-08 15:49:26 - Search for: 'Liedtke' by user: crivas@healthnet.com
2016-05-08 15:49:41 - Transfer Patient: kliedtke@outlook.com Into: University of Pittsburgh Medical Center Done By: crivas@healthnet.com
2016-05-08 15:50:08 - Search for: 'Maldonado' by user: crivas@healthnet.com
2016-05-08 15:50:21 - Transfer Patient: jmaldonado@gmail.com Into: UCLA Medical Center Done By: crivas@healthnet.com
2016-05-08 15:50:38 - Search for: 'frazier' by user: crivas@healthnet.com
2016-05-08 15:50:41 - Search for: 'Frazier' by user: crivas@healthnet.com
2016-05-08 15:50:51 - Transfer Patient: afrazier@gmail.com Into: Cleveland Clinic Done By: crivas@healthnet.com
2016-05-08 15:50:57 - Search for: 'Gagne' by user: crivas@healthnet.com
2016-05-08 15:51:18 - Transfer Patient: egagne@rit.edu Into: Rochester General Hospital Done By: crivas@healthnet.com
2016-05-08 16:55:51 - Search for: 'Williams' by user: ghouse@healthnet.com
2016-05-08 16:57:11 - Search for: 'Williams' by user: ghouse@healthnet.com
2016-05-08 17:00:42 - Search for: 'Williams' by user: ghouse@healthnet.com
2016-05-09 09:07:27 - New Appointment: Scott Hawker has an appointment with Robert Terrones at 02:00 PM on May 14, 2016
2016-05-09 09:18:18 - Edit Appointment: Scott Hawker has an appointment with Robert Terrones at 02:00 PM on May 14, 2016
2016-05-09 09:18:43 - Edit Appointment: Scott Hawker has an appointment with Robert Terrones at 02:00 PM on May 14, 2016
2016-05-09 20:22:10 - New Appointment: Gregory House has an appointment with Eduardo Gagne at 03:00 PM on June 09, 2016
2016-05-09 20:22:53 - Edit Appointment: Gregory House has an appointment with Eduardo Gagne at 03:00 PM on June 09, 2016
2016-05-09 20:44:11 - New Appointment: Gregory House has an appointment with Gary Boehme at 11:00 AM on May 12, 2018
2016-05-09 20:44:30 - Edit Appointment: Gregory House has an appointment with Gary Boehme at 11:00 AM on May 12, 2018
2016-05-09 20:45:04 - New Appointment: Gregory House has an appointment with Nicholas McSweeney at 03:00 PM on May 12, 2016
2016-05-09 20:46:23 - New Appointment: Matthew Dodd has an appointment with Karen Costello at 01:00 PM on May 12, 2016
2016-05-09 20:46:51 - New Appointment: Matthew Dodd has an appointment with Rhoda Williams at 03:00 PM on May 11, 2016
2016-05-09 20:47:25 - New Appointment: Matthew Dodd has an appointment with Nicholas McSweeney at 09:00 AM on May 11, 2016
2016-05-09 22:09:29 - New Appointment: Angie Smith has an appointment with Jeffrey Maldonado at 05:00 PM on July 18, 2016
2016-05-09 22:10:04 - New Appointment: Angie Smith has an appointment with Michael Roark at 10:00 AM on August 10, 2016
2016-05-09 22:11:06 - New Appointment: William Hering has an appointment with Stephanie Taylor at 04:00 PM on June 18, 2016
2016-05-09 22:11:45 - New Appointment: Richard Gordon has an appointment with Jason Lucas at 10:00 AM on May 12, 2016
2016-05-09 22:12:20 - New Appointment: Robert Kelly has an appointment with Nicholas McSweeney at 10:00 AM on May 20, 2016
2016-05-09 22:18:58 - New Result:  mdodd@healthnet.com jlucas@gmail.com Positive. You have the flu
